[7mlsetup              [0m lsetup <tool1> [ <tool2> ...] (see lsetup -h):
[7m lsetup asetup      [0m  (or asetup) to setup an Athena release
[7m lsetup astyle      [0m  ATLAS style macros
[7m lsetup atlantis    [0m  Atlantis: event display
[7m lsetup centralpage [0m  Find samples
[7m lsetup eiclient    [0m  Event Index 
[7m lsetup emi         [0m  EMI: grid middleware user interface 
[7m lsetup lcgenv      [0m  lcgenv: setup tools from cvmfs SFT repository
[7m lsetup panda       [0m  Panda: Production ANd Distributed Analysis
[7m lsetup pyami       [0m  pyAMI: ATLAS Metadata Interface python client
[7m lsetup root        [0m  ROOT data processing framework
[7m lsetup rucio       [0m  distributed data management system client
[7m lsetup scikit      [0m  python data analysis ecosystem
[7m lsetup views       [0m  Set up a full LCG release
[7m lsetup xcache      [0m  XRootD local proxy cache
[7m lsetup xrootd      [0m  XRootD data access
[7madvancedTools       [0m advanced tools menu
[7mdiagnostics         [0m diagnostic tools menu
[7mhelpMe              [0m more help
[7minstallPip          [0m install relocatable pip modules locally
[7minstallRpm          [0m install relocatable rpms locally
[7mprintMenu           [0m show this menu
[7mqueryC              [0m find / whatis container query
[7mshowVersions        [0m show versions of installed software

Epoch: 1 Average loss: 20.18818
Validation loss: 482528030156978.0000 +/- 164227687736791.7812
n_samples: 1000
Patience counter: 0/50
Epoch: 2 Average loss: -8.33230
Validation loss: -15.1465 +/- 0.0197
n_samples: 1000
Patience counter: 0/50
Epoch: 3 Average loss: -55.27647
Validation loss: -34.5027 +/- 0.0324
n_samples: 1000
Patience counter: 0/50
Epoch: 4 Average loss: -80.42830
Validation loss: -53.8376 +/- 0.0781
n_samples: 1000
Patience counter: 0/50
Epoch: 5 Average loss: -94.87124
Validation loss: -50.6327 +/- 0.1039
n_samples: 1000
Patience counter: 1/50
Epoch: 6 Average loss: -97.60090
Validation loss: -30.3766 +/- 0.1284
n_samples: 1000
Patience counter: 2/50
Epoch: 7 Average loss: -107.93796
Validation loss: 16.1622 +/- 0.3080
n_samples: 1000
Patience counter: 3/50
Epoch: 8 Average loss: -110.82657
Validation loss: 88.6698 +/- 1.7393
n_samples: 1000
Patience counter: 4/50
Epoch: 9 Average loss: -113.14035
Validation loss: 678.6142 +/- 72.5130
n_samples: 1000
Patience counter: 5/50
